<?xml version="1.0" encoding="UTF-8"?>
<!-- Generated by org.testng.reporters.JUnitXMLReporter -->
<testsuite ignored="2" hostname="WorkBeast" failures="0" tests="1" name="Default test" time="260.873" errors="0" timestamp="2024-08-29T17:47:53 IST">
  <testcase classname="comComcastContactTest.CreateContact_Test" name="createContact_Test" time="212.725"/>
  <testcase classname="comComcastContactTest.CreateContact_Test" name="createContactWithSupportDate_Test" time="0.0">
    <ignored/>
  </testcase> <!-- createContactWithSupportDate_Test -->
  <testcase classname="comComcastContactTest.CreateContact_Test" name="createContactWithOrg" time="0.0">
    <ignored/>
  </testcase> <!-- createContactWithOrg -->
</testsuite> <!-- Default test -->
